<?xml version="1.0" encoding="UTF-8"?>
<!-- Generated by org.testng.reporters.JUnitReportReporter -->
<testsuite hostname="LAPTOP-V5KKSTCC" failures="0" tests="4" name="com.facegenie.Facegenie" time="53.465" errors="0" timestamp="2023-09-14T22:14:05 IST" skipped="0">
  <testcase classname="com.facegenie.Facegenie" name="Login_TS_facegenie_003" time="11.784"/>
  <system-out>
Wrong Email  </system-out>
  <testcase classname="com.facegenie.Facegenie" name="Login_TS_facegenie_001" time="18.211"/>
  <system-out>
Login successful  </system-out>
  <testcase classname="com.facegenie.Facegenie" name="Login_TS_facegenie_002" time="12.450"/>
  <system-out>
Wrong Password  </system-out>
  <testcase classname="com.facegenie.Facegenie" name="Login_TS_facegenie_004" time="11.020"/>
  <system-out>
Wrong Email & Wrong Password  </system-out>
</testsuite> <!-- com.facegenie.Facegenie -->
